<?xml version="1.0" encoding="UTF-8"?>
<!-- Generated by org.testng.reporters.JUnitReportReporter -->
<testsuite hostname="Nikku" failures="0" tests="1" name="tests.SampleTest" time="2.155" errors="0" timestamp="2025-02-07T21:29:48 IST" skipped="0">
  <testcase classname="tests.SampleTest" name="testGoogleHomePage" time="2.155"/>
</testsuite> <!-- tests.SampleTest -->
